Using pre-set license
Built from '2022.3/staging' branch; Version is '2022.3.1f1 (f18e0c1b5784) revision 15830540'; Using compiler version '192829333'; Build Type 'Release'
OS: 'Windows 10  (10.0.19045) 64bit Professional' Language: 'ru' Physical Memory: 16318 MB
BatchMode: 1, IsHumanControllingUs: 0, StartBugReporterOnCrash: 0, Is64bit: 1, IsPro: 1

COMMAND LINE ARGUMENTS:
F:\Unity\2022.3.1f1\Editor\Unity.exe
-adb2
-batchMode
-noUpm
-name
AssetImportWorker3
-projectPath
F:/Unity/Progect/Warriors of Light 2
-logFile
Logs/AssetImportWorker3.log
-srvPort
57511
Successfully changed project path to: F:/Unity/Progect/Warriors of Light 2
F:/Unity/Progect/Warriors of Light 2
[UnityMemory] Configuration Parameters - Can be set up in boot.config
    "memorysetup-bucket-allocator-granularity=16"
    "memorysetup-bucket-allocator-bucket-count=8"
    "memorysetup-bucket-allocator-block-size=33554432"
    "memorysetup-bucket-allocator-block-count=8"
    "memorysetup-main-allocator-block-size=16777216"
    "memorysetup-thread-allocator-block-size=16777216"
    "memorysetup-gfx-main-allocator-block-size=16777216"
    "memorysetup-gfx-thread-allocator-block-size=16777216"
    "memorysetup-cache-allocator-block-size=4194304"
    "memorysetup-typetree-allocator-block-size=2097152"
    "memorysetup-profiler-bucket-allocator-granularity=16"
    "memorysetup-profiler-bucket-allocator-bucket-count=8"
    "memorysetup-profiler-bucket-allocator-block-size=33554432"
    "memorysetup-profiler-bucket-allocator-block-count=8"
    "memorysetup-profiler-allocator-block-size=16777216"
    "memorysetup-profiler-editor-allocator-block-size=1048576"
    "memorysetup-temp-allocator-size-main=16777216"
    "memorysetup-job-temp-allocator-block-size=2097152"
    "memorysetup-job-temp-allocator-block-size-background=1048576"
    "memorysetup-job-temp-allocator-reduction-small-platforms=262144"
    "memorysetup-allocator-temp-initial-block-size-main=262144"
    "memorysetup-allocator-temp-initial-block-size-worker=262144"
    "memorysetup-temp-allocator-size-background-worker=32768"
    "memorysetup-temp-allocator-size-job-worker=262144"
    "memorysetup-temp-allocator-size-preload-manager=33554432"
    "memorysetup-temp-allocator-size-nav-mesh-worker=65536"
    "memorysetup-temp-allocator-size-audio-worker=65536"
    "memorysetup-temp-allocator-size-cloud-worker=32768"
    "memorysetup-temp-allocator-size-gi-baking-worker=262144"
    "memorysetup-temp-allocator-size-gfx=262144"
Player connection [8412] Host "[IP] 26.143.41.131 [Port] 0 [Flags] 2 [Guid] 1775604354 [EditorId] 1775604354 [Version] 1048832 [Id] WindowsEditor(7,DESKTOP-L6J6408) [Debug] 1 [PackageName] WindowsEditor [ProjectName] Editor" joined multi-casting on [225.0.0.222:54997]...

Player connection [8412] Host "[IP] 26.143.41.131 [Port] 0 [Flags] 2 [Guid] 1775604354 [EditorId] 1775604354 [Version] 1048832 [Id] WindowsEditor(7,DESKTOP-L6J6408) [Debug] 1 [PackageName] WindowsEditor [ProjectName] Editor" joined alternative multi-casting on [225.0.0.222:34997]...

Refreshing native plugins compatible for Editor in 10.08 ms, found 3 plugins.
Preloading 0 native plugins for Editor in 0.00 ms.
Initialize engine version: 2022.3.1f1 (f18e0c1b5784)
[Subsystems] Discovering subsystems at path F:/Unity/2022.3.1f1/Editor/Data/Resources/UnitySubsystems
[Subsystems] Discovering subsystems at path F:/Unity/Progect/Warriors of Light 2/Assets
GfxDevice: creating device client; threaded=0; jobified=0
Direct3D:
    Version:  Direct3D 11.0 [level 11.1]
    Renderer: Radeon RX550/550 Series (ID=0x699f)
    Vendor:   ATI
    VRAM:     4075 MB
    Driver:   31.0.12029.10015
Initialize mono
Mono path[0] = 'F:/Unity/2022.3.1f1/Editor/Data/Managed'
Mono path[1] = 'F:/Unity/2022.3.1f1/Editor/Data/MonoBleedingEdge/lib/mono/unityjit-win32'
Mono config path = 'F:/Unity/2022.3.1f1/Editor/Data/MonoBleedingEdge/etc'
Using monoOptions --debugger-agent=transport=dt_socket,embedding=1,server=y,suspend=n,address=127.0.0.1:56028
Begin MonoManager ReloadAssembly
Registering precompiled unity dll's ...
Register platform support module: F:/Unity/2022.3.1f1/Editor/Data/PlaybackEngines/WebGLSupport/UnityEditor.WebGL.Extensions.dll
Register platform support module: F:/Unity/2022.3.1f1/Editor/Data/PlaybackEngines/WindowsStandaloneSupport/UnityEditor.WindowsStandalone.Extensions.dll
Registered in 0.009016 seconds.
- Loaded All Assemblies, in  0.446 seconds
Native extension for WindowsStandalone target not found
Native extension for WebGL target not found
Mono: successfully reloaded assembly
- Finished resetting the current domain, in  0.332 seconds
Domain Reload Profiling: 777ms
	BeginReloadAssembly (139ms)
		ExecutionOrderSort (0ms)
		DisableScriptedObjects (0ms)
		BackupInstance (0ms)
		ReleaseScriptingObjects (0ms)
		CreateAndSetChildDomain (1ms)
	RebuildCommonClasses (44ms)
	RebuildNativeTypeToScriptingClass (13ms)
	initialDomainReloadingComplete (72ms)
	LoadAllAssembliesAndSetupDomain (177ms)
		LoadAssemblies (137ms)
		RebuildTransferFunctionScriptingTraits (0ms)
		AnalyzeDomain (170ms)
			TypeCache.Refresh (169ms)
				TypeCache.ScanAssembly (156ms)
			ScanForSourceGeneratedMonoScriptInfo (0ms)
			ResolveRequiredComponents (1ms)
	FinalizeReload (333ms)
		ReleaseScriptCaches (0ms)
		RebuildScriptCaches (0ms)
		SetupLoadedEditorAssemblies (261ms)
			LogAssemblyErrors (0ms)
			InitializePlatformSupportModulesInManaged (12ms)
			SetLoadedEditorAssemblies (7ms)
			RefreshPlugins (0ms)
			BeforeProcessingInitializeOnLoad (3ms)
			ProcessInitializeOnLoadAttributes (174ms)
			ProcessInitializeOnLoadMethodAttributes (66ms)
			AfterProcessingInitializeOnLoad (0ms)
			EditorAssembliesLoaded (0ms)
		ExecutionOrderSort2 (0ms)
		AwakeInstancesAfterBackupRestoration (0ms)
========================================================================
Worker process is ready to serve import requests
Begin MonoManager ReloadAssembly
Symbol file LoadedFromMemory doesn't match image F:\Unity\Progect\Warriors of Light 2\Library\PackageCache\com.unity.visualscripting@1.8.0\Editor\VisualScripting.Core\Dependencies\YamlDotNet\Unity.VisualScripting.YamlDotNet.dll
Symbol file LoadedFromMemory doesn't match image F:\Unity\Progect\Warriors of Light 2\Library\PackageCache\com.unity.visualscripting@1.8.0\Editor\VisualScripting.Core\Dependencies\DotNetZip\Unity.VisualScripting.IonicZip.dll
- Loaded All Assemblies, in  0.896 seconds
Refreshing native plugins compatible for Editor in 3.33 ms, found 3 plugins.
Native extension for WindowsStandalone target not found
Native extension for WebGL target not found
Mono: successfully reloaded assembly
- Finished resetting the current domain, in  0.608 seconds
Domain Reload Profiling: 1502ms
	BeginReloadAssembly (189ms)
		ExecutionOrderSort (0ms)
		DisableScriptedObjects (7ms)
		BackupInstance (0ms)
		ReleaseScriptingObjects (0ms)
		CreateAndSetChildDomain (21ms)
	RebuildCommonClasses (44ms)
	RebuildNativeTypeToScriptingClass (13ms)
	initialDomainReloadingComplete (53ms)
	LoadAllAssembliesAndSetupDomain (594ms)
		LoadAssemblies (341ms)
		RebuildTransferFunctionScriptingTraits (0ms)
		AnalyzeDomain (363ms)
			TypeCache.Refresh (341ms)
				TypeCache.ScanAssembly (327ms)
			ScanForSourceGeneratedMonoScriptInfo (16ms)
			ResolveRequiredComponents (5ms)
	FinalizeReload (608ms)
		ReleaseScriptCaches (0ms)
		RebuildScriptCaches (0ms)
		SetupLoadedEditorAssemblies (423ms)
			LogAssemblyErrors (0ms)
			InitializePlatformSupportModulesInManaged (8ms)
			SetLoadedEditorAssemblies (5ms)
			RefreshPlugins (0ms)
			BeforeProcessingInitializeOnLoad (71ms)
			ProcessInitializeOnLoadAttributes (309ms)
			ProcessInitializeOnLoadMethodAttributes (24ms)
			AfterProcessingInitializeOnLoad (7ms)
			EditorAssembliesLoaded (0ms)
		ExecutionOrderSort2 (0ms)
		AwakeInstancesAfterBackupRestoration (13ms)
Launched and connected shader compiler UnityShaderCompiler.exe after 0.05 seconds
Refreshing native plugins compatible for Editor in 3.28 ms, found 3 plugins.
Preloading 0 native plugins for Editor in 0.00 ms.
Unloading 3077 Unused Serialized files (Serialized files now loaded: 0)
Unloading 33 unused Assets / (170.6 KB). Loaded Objects now: 3559.
Memory consumption went from 144.5 MB to 144.4 MB.
Total: 3.458000 ms (FindLiveObjects: 0.290600 ms CreateObjectMapping: 0.085900 ms MarkObjects: 2.896800 ms  DeleteObjects: 0.183800 ms)

AssetImportParameters requested are different than current active one (requested -> active):
  custom:container-demuxer-ogg: 62fdf1f143b41e24485cea50d1cbac27 -> 
  custom:video-decoder-ogg-theora: a1e56fd34408186e4bbccfd4996cb3dc -> 
  custom:framework-win-MediaFoundation: 216162199b28c13a410421893ffa2e32 -> 
  custom:container-demuxer-webm: 4f35f7cbe854078d1ac9338744f61a02 -> 
  custom:container-muxer-webm: aa71ff27fc2769a1b78a27578f13a17b -> 
  custom:video-decoder-webm-vp8: 9c59270c3fd7afecdb556c50c9e8de78 -> 
  custom:AudioImporter_EditorPlatform: d09bf68614088b80899f8185d706f6e7 -> 
  custom:video-encoder-webm-vp8: eb34c28f22e8b96e1ab97ce403110664 -> 
  custom:audio-decoder-ogg-vorbis: bf7c407c2cedff20999df2af8eb42d56 -> 
  custom:audio-encoder-webm-vorbis: bf7c407c2cedff20999df2af8eb42d56 -> 
========================================================================
Received Import Request.
  Time since last request: 360506.675897 seconds.
  path: Assets/Material/textures 1/internal_ground_ao_texture.jpeg
  artifactKey: Guid(c18e41748c4e13046b1d14c85c9f1ac1) Importer(815301076,1909f56bfc062723c751e8b465ee728b)
Start importing Assets/Material/textures 1/internal_ground_ao_texture.jpeg using Guid(c18e41748c4e13046b1d14c85c9f1ac1) Importer(815301076,1909f56bfc062723c751e8b465ee728b)  -> (artifact id: '0af2ad49e89b13fd4d85812e4bdba191') in 0.091765 seconds
Number of updated asset objects reloaded before import = 0
Number of asset objects unloaded after import = 2
========================================================================
Received Import Request.
  Time since last request: 43.877100 seconds.
  path: Assets/Material/textures 1/Materials/sidewalk.mat
  artifactKey: Guid(d64e94ad5da56ba47acc8af06099ed02) Importer(815301076,1909f56bfc062723c751e8b465ee728b)
Start importing Assets/Material/textures 1/Materials/sidewalk.mat using Guid(d64e94ad5da56ba47acc8af06099ed02) Importer(815301076,1909f56bfc062723c751e8b465ee728b)  -> (artifact id: '765a9ac382f2a1009774ce87301c8e30') in 0.101707 seconds
Number of updated asset objects reloaded before import = 0
Number of asset objects unloaded after import = 2
========================================================================
Received Import Request.
  Time since last request: 380.929792 seconds.
  path: Assets/Material/Road/asphalt_02_disp_4k.png
  artifactKey: Guid(33f0d3b688ed9ce4db7d0bf92e7f4695) Importer(815301076,1909f56bfc062723c751e8b465ee728b)
Start importing Assets/Material/Road/asphalt_02_disp_4k.png using Guid(33f0d3b688ed9ce4db7d0bf92e7f4695) Importer(815301076,1909f56bfc062723c751e8b465ee728b)  -> (artifact id: '67eb10a3a7b5a872637a9ee94274a39b') in 0.051394 seconds
Number of updated asset objects reloaded before import = 0
Number of asset objects unloaded after import = 2
========================================================================
Received Import Request.
  Time since last request: 0.000021 seconds.
  path: Assets/Material/Road/asphalt_02_rough_4k.jpg
  artifactKey: Guid(647c829f472597449a29d073347dd180) Importer(815301076,1909f56bfc062723c751e8b465ee728b)
Start importing Assets/Material/Road/asphalt_02_rough_4k.jpg using Guid(647c829f472597449a29d073347dd180) Importer(815301076,1909f56bfc062723c751e8b465ee728b)  -> (artifact id: 'bb06b8eb581497f46a2ebd54205e448c') in 0.030351 seconds
Number of updated asset objects reloaded before import = 0
Number of asset objects unloaded after import = 2
========================================================================
Received Import Request.
  Time since last request: 1005.268972 seconds.
  path: Assets/Material/textures 1/curb_Metallic_1001.png
  artifactKey: Guid(d80e8b8961ef1e74894e1cea40187d53) Importer(815301076,1909f56bfc062723c751e8b465ee728b)
Start importing Assets/Material/textures 1/curb_Metallic_1001.png using Guid(d80e8b8961ef1e74894e1cea40187d53) Importer(815301076,1909f56bfc062723c751e8b465ee728b)  -> (artifact id: 'bf5493264352482e12b2439a39ced86d') in 0.019716 seconds
Number of updated asset objects reloaded before import = 0
Number of asset objects unloaded after import = 2
========================================================================
Received Import Request.
  Time since last request: 0.000020 seconds.
  path: Assets/Material/textures 1/curb_Normal_DirectX_1001.png
  artifactKey: Guid(3bf01f33efd6cba4ca5f6685467320f3) Importer(815301076,1909f56bfc062723c751e8b465ee728b)
Start importing Assets/Material/textures 1/curb_Normal_DirectX_1001.png using Guid(3bf01f33efd6cba4ca5f6685467320f3) Importer(815301076,1909f56bfc062723c751e8b465ee728b)  -> (artifact id: 'e3306a426f3a8af97751347ee8e60128') in 0.034474 seconds
Number of updated asset objects reloaded before import = 0
Number of asset objects unloaded after import = 2
========================================================================
Received Import Request.
  Time since last request: 2047.653221 seconds.
  path: Assets/TerrainData_82f76acd-4176-4f59-bc6e-33b41b9e6a23.asset
  artifactKey: Guid(b219ebd5b700e2d479693a0cde59ff9a) Importer(815301076,1909f56bfc062723c751e8b465ee728b)
Start importing Assets/TerrainData_82f76acd-4176-4f59-bc6e-33b41b9e6a23.asset using Guid(b219ebd5b700e2d479693a0cde59ff9a) Importer(815301076,1909f56bfc062723c751e8b465ee728b)  -> (artifact id: '349416c556f02abbb285531e433da7de') in 0.034883 seconds
Number of updated asset objects reloaded before import = 0
Number of asset objects unloaded after import = 3
========================================================================
Received Import Request.
  Time since last request: 852.231753 seconds.
  path: Assets/Material/textures 3/asphalt_floor_disp_4k.png
  artifactKey: Guid(692bd36a66cf07d479e37f941f3a3655) Importer(815301076,1909f56bfc062723c751e8b465ee728b)
Start importing Assets/Material/textures 3/asphalt_floor_disp_4k.png using Guid(692bd36a66cf07d479e37f941f3a3655) Importer(815301076,1909f56bfc062723c751e8b465ee728b)  -> (artifact id: '70b3250194c5c05ac838acd11ac4f907') in 0.058092 seconds
Number of updated asset objects reloaded before import = 0
Number of asset objects unloaded after import = 2
========================================================================
Received Import Request.
  Time since last request: 0.000020 seconds.
  path: Assets/Material/textures 3/asphalt_floor_nor_gl_4k.exr
  artifactKey: Guid(87a8b1bc0c44bff43b3a51cdc497e735) Importer(815301076,1909f56bfc062723c751e8b465ee728b)
Start importing Assets/Material/textures 3/asphalt_floor_nor_gl_4k.exr using Guid(87a8b1bc0c44bff43b3a51cdc497e735) Importer(815301076,1909f56bfc062723c751e8b465ee728b)  -> (artifact id: '65a64de9d25017db31b40a4f2548f90b') in 0.035391 seconds
Number of updated asset objects reloaded before import = 0
Number of asset objects unloaded after import = 2
========================================================================
Received Import Request.
  Time since last request: 124.974155 seconds.
  path: Assets/Material/textures 3/gravel_stones_disp_4k.png
  artifactKey: Guid(8ab206bc61f559d43b44dd4c36b95c7a) Importer(815301076,1909f56bfc062723c751e8b465ee728b)
Start importing Assets/Material/textures 3/gravel_stones_disp_4k.png using Guid(8ab206bc61f559d43b44dd4c36b95c7a) Importer(815301076,1909f56bfc062723c751e8b465ee728b)  -> (artifact id: 'b9edad4fea16baa4b485b14ccd4d140e') in 0.055456 seconds
Number of updated asset objects reloaded before import = 0
Number of asset objects unloaded after import = 2
========================================================================
Received Import Request.
  Time since last request: 0.000016 seconds.
  path: Assets/Material/textures 3/gravel_stones_rough_4k.exr
  artifactKey: Guid(4b2fc57c5d3c4464cba3ecff3f7a57ff) Importer(815301076,1909f56bfc062723c751e8b465ee728b)
Start importing Assets/Material/textures 3/gravel_stones_rough_4k.exr using Guid(4b2fc57c5d3c4464cba3ecff3f7a57ff) Importer(815301076,1909f56bfc062723c751e8b465ee728b)  -> (artifact id: 'daf37fb69689da10c5451ab61e49efa6') in 0.032287 seconds
Number of updated asset objects reloaded before import = 0
Number of asset objects unloaded after import = 2
